生成启动时间为 2016/4/8 16:29:52。
     1>项目“E:\work\other\FaultInjection\src\DBFaultSim\DBFaultSim.vcxproj”在节点 2 上(build 个目标)。
     1>InitializeBuildStatus:
         正在创建“x64\Debug\DBFaultSim.unsuccessfulbuild”，因为已指定“AlwaysCreate”。
       ClCompile:
         C:\Program Files (x86)\Microsoft Visual Studio 10.0\VC\bin\x86_amd64\CL.exe /c /I..\external\jsoncpp\include /I..\external/ACE_wrappers /I../external/SOCI/core /I"../external/SOCI/third-party/oracle/x64/sdk/include" /I"../external/SOCI/third-party/mysql/include" /Zi /nologo /W3 /WX- /Od /D WIN32 /D _DEBUG /D _WINDOWS /D _USRDLL /D DBFAULTSIM_EXPORTS /D _WINDLL /D _MBCS /Gm /EHsc /RTC1 /MDd /GS /fp:precise /Zc:wchar_t /Zc:forScope /Fo"x64\Debug\\" /Fd"x64\Debug\vc100.pdb" /Gd /TP /errorReport:prompt DBFaultSim.cpp
         DBFaultSim.cpp
       Link:
         C:\Program Files (x86)\Microsoft Visual Studio 10.0\VC\bin\x86_amd64\link.exe /ERRORREPORT:PROMPT /OUT:"..\..\bin\x64\debug\DBFaultSimd.dll" /NOLOGO /LIBPATH:..\..\lib\x64\debug ACEd.lib soci_core.lib kernel32.lib user32.lib gdi32.lib winspool.lib comdlg32.lib advapi32.lib shell32.lib ole32.lib oleaut32.lib uuid.lib odbc32.lib odbccp32.lib /MANIFEST /ManifestFile:"x64\Debug\DBFaultSimd.dll.intermediate.manifest" /MANIFESTUAC:"level='asInvoker' uiAccess='false'" /DEBUG /PDB:"E:\work\other\FaultInjection\bin\x64\debug\DBFaultSimd.pdb" /TLBID:1 /DYNAMICBASE /NXCOMPAT /IMPLIB:"../../lib/x64/debug/DBFaultSimd.lib" /MACHINE:X64 /DLL x64\Debug\DBAccessBase.obj
         x64\Debug\DBFaultSim.obj
         x64\Debug\MySQLAccess.obj
         x64\Debug\OracleAccess.obj
         LINK : 没有找到 ..\..\bin\x64\debug\DBFaultSimd.dll 或上一个增量链接没有生成它；正在执行完全链接
            正在创建库 ../../lib/x64/debug/DBFaultSimd.lib 和对象 ../../lib/x64/debug/DBFaultSimd.exp
         DBFaultSim.vcxproj -> E:\work\other\FaultInjection\src\DBFaultSim\..\..\bin\x64\debug\DBFaultSimd.dll
       Manifest:
         C:\Program Files (x86)\Microsoft SDKs\Windows\v7.0A\bin\mt.exe /nologo /verbose /outputresource:"..\..\bin\x64\debug\DBFaultSimd.dll;#2" /manifest x64\Debug\DBFaultSimd.dll.intermediate.manifest
       FinalizeBuildStatus:
         正在删除文件“x64\Debug\DBFaultSim.unsuccessfulbuild”。
         正在对“x64\Debug\DBFaultSim.lastbuildstate”执行 Touch 任务。
     1>已完成生成项目“E:\work\other\FaultInjection\src\DBFaultSim\DBFaultSim.vcxproj”(build 个目标)的操作。

生成成功。

已用时间 00:00:02.28
