..\..\bin\x64\debug\DBFaultSimd.ilk
..\..\bin\x64\debug\DBFaultSimd.pdb
E:\WORK\OTHER\FAULTINJECTION\BIN\X64\DEBUG\DBFAULTSIMD.DLL
E:\WORK\OTHER\FAULTINJECTION\BIN\X64\DEBUG\DBFAULTSIMD.ILK
E:\WORK\OTHER\FAULTINJECTION\BIN\X64\DEBUG\DBFAULTSIMD.PDB
E:\work\other\FaultInjection\src\DBFaultSim\..\..\bin\x64\debug\DBFaultSimd.dll
E:\work\other\FaultInjection\src\DBFaultSim\Debug\cl.command.1.tlog
E:\work\other\FaultInjection\src\DBFaultSim\Debug\CL.read.1.tlog
E:\work\other\FaultInjection\src\DBFaultSim\Debug\CL.write.1.tlog
E:\WORK\OTHER\FAULTINJECTION\SRC\DBFAULTSIM\DEBUG\DBACCESSBASE.OBJ
E:\work\other\FaultInjection\src\DBFaultSim\Debug\DBFaultSim.dll.intermediate.manifest
E:\WORK\OTHER\FAULTINJECTION\SRC\DBFAULTSIM\DEBUG\DBFAULTSIM.OBJ
E:\WORK\OTHER\FAULTINJECTION\SRC\DBFAULTSIM\DEBUG\DBFAULTSIMD.DLL.INTERMEDIATE.MANIFEST
E:\work\other\FaultInjection\src\DBFaultSim\Debug\link.command.1.tlog
E:\work\other\FaultInjection\src\DBFaultSim\Debug\link.read.1.tlog
E:\work\other\FaultInjection\src\DBFaultSim\Debug\link.write.1.tlog
E:\work\other\FaultInjection\src\DBFaultSim\Debug\mt.command.1.tlog
E:\work\other\FaultInjection\src\DBFaultSim\Debug\mt.read.1.tlog
E:\work\other\FaultInjection\src\DBFaultSim\Debug\mt.write.1.tlog
E:\WORK\OTHER\FAULTINJECTION\SRC\DBFAULTSIM\DEBUG\MYSQLACCESS.OBJ
E:\WORK\OTHER\FAULTINJECTION\SRC\DBFAULTSIM\DEBUG\ORACLEACCESS.OBJ
E:\work\other\FaultInjection\src\DBFaultSim\Debug\vc100.idb
E:\WORK\OTHER\FAULTINJECTION\SRC\DBFAULTSIM\DEBUG\VC100.PDB
